c:\users\erwin\documents\visual studio 2017\projects\plane_war\plane_war\release\vc141.pdb
c:\users\erwin\documents\visual studio 2017\projects\plane_war\plane_war\release\ttf.obj
c:\users\erwin\documents\visual studio 2017\projects\plane_war\plane_war\release\time.obj
c:\users\erwin\documents\visual studio 2017\projects\plane_war\plane_war\release\sprite.obj
c:\users\erwin\documents\visual studio 2017\projects\plane_war\plane_war\release\sound.obj
c:\users\erwin\documents\visual studio 2017\projects\plane_war\plane_war\release\main.obj
c:\users\erwin\documents\visual studio 2017\projects\plane_war\plane_war\release\math.obj
c:\users\erwin\documents\visual studio 2017\projects\plane_war\plane_war\release\list.obj
c:\users\erwin\documents\visual studio 2017\projects\plane_war\plane_war\release\level.obj
c:\users\erwin\documents\visual studio 2017\projects\plane_war\plane_war\release\fsm.obj
c:\users\erwin\documents\visual studio 2017\projects\plane_war\plane_war\release\fps.obj
c:\users\erwin\documents\visual studio 2017\projects\plane_war\plane_war\release\collide.obj
c:\users\erwin\documents\visual studio 2017\projects\plane_war\plane_war\release\bullet.obj
c:\users\erwin\documents\visual studio 2017\projects\plane_war\plane_war\release\bg_worker_thread.obj
c:\users\erwin\documents\visual studio 2017\projects\plane_war\plane_war\release\animate.obj
c:\users\erwin\documents\visual studio 2017\projects\plane_war\release\plane_war_sdl.exe
c:\users\erwin\documents\visual studio 2017\projects\plane_war\release\plane_war_sdl.pdb
c:\users\erwin\documents\visual studio 2017\projects\plane_war\release\plane_war_sdl.lib
c:\users\erwin\documents\visual studio 2017\projects\plane_war\release\plane_war_sdl.exp
c:\users\erwin\documents\visual studio 2017\projects\plane_war\release\plane_war_sdl.ipdb
c:\users\erwin\documents\visual studio 2017\projects\plane_war\release\plane_war_sdl.iobj
c:\users\erwin\documents\visual studio 2017\projects\plane_war\plane_war\release\plane_war.res
c:\users\erwin\documents\visual studio 2017\projects\plane_war\plane_war\release\plane_war_sdl.tlog\cl.command.1.tlog
c:\users\erwin\documents\visual studio 2017\projects\plane_war\plane_war\release\plane_war_sdl.tlog\cl.read.1.tlog
c:\users\erwin\documents\visual studio 2017\projects\plane_war\plane_war\release\plane_war_sdl.tlog\cl.write.1.tlog
c:\users\erwin\documents\visual studio 2017\projects\plane_war\plane_war\release\plane_war_sdl.tlog\link.command.1.tlog
c:\users\erwin\documents\visual studio 2017\projects\plane_war\plane_war\release\plane_war_sdl.tlog\link.read.1.tlog
c:\users\erwin\documents\visual studio 2017\projects\plane_war\plane_war\release\plane_war_sdl.tlog\link.write.1.tlog
c:\users\erwin\documents\visual studio 2017\projects\plane_war\plane_war\release\plane_war_sdl.tlog\plane_war_sdl.write.1u.tlog
c:\users\erwin\documents\visual studio 2017\projects\plane_war\plane_war\release\plane_war_sdl.tlog\rc.command.1.tlog
c:\users\erwin\documents\visual studio 2017\projects\plane_war\plane_war\release\plane_war_sdl.tlog\rc.read.1.tlog
c:\users\erwin\documents\visual studio 2017\projects\plane_war\plane_war\release\plane_war_sdl.tlog\rc.write.1.tlog
