c:\users\erwin\source\repos\plane_war\plane_war\debug\vc142.pdb
c:\users\erwin\source\repos\plane_war\plane_war\debug\vc142.idb
c:\users\erwin\source\repos\plane_war\plane_war\debug\ttf.obj
c:\users\erwin\source\repos\plane_war\plane_war\debug\time.obj
c:\users\erwin\source\repos\plane_war\plane_war\debug\sprite_new.obj
c:\users\erwin\source\repos\plane_war\plane_war\debug\sound.obj
c:\users\erwin\source\repos\plane_war\plane_war\debug\res.obj
c:\users\erwin\source\repos\plane_war\plane_war\debug\player.obj
c:\users\erwin\source\repos\plane_war\plane_war\debug\plane_war.obj
c:\users\erwin\source\repos\plane_war\plane_war\debug\math.obj
c:\users\erwin\source\repos\plane_war\plane_war\debug\list.obj
c:\users\erwin\source\repos\plane_war\plane_war\debug\level.obj
c:\users\erwin\source\repos\plane_war\plane_war\debug\global.obj
c:\users\erwin\source\repos\plane_war\plane_war\debug\fsm.obj
c:\users\erwin\source\repos\plane_war\plane_war\debug\collide.obj
c:\users\erwin\source\repos\plane_war\plane_war\debug\bullet_new.obj
c:\users\erwin\source\repos\plane_war\plane_war\debug\boss.obj
c:\users\erwin\source\repos\plane_war\plane_war\debug\animate.obj
c:\users\erwin\documents\github\plane_war\plane_war\debug\vc142.pdb
c:\users\erwin\documents\github\plane_war\plane_war\debug\vc142.idb
c:\users\erwin\documents\github\plane_war\plane_war\debug\ttf.obj
c:\users\erwin\documents\github\plane_war\plane_war\debug\time.obj
c:\users\erwin\documents\github\plane_war\plane_war\debug\sound.obj
c:\users\erwin\documents\github\plane_war\plane_war\debug\res.obj
c:\users\erwin\documents\github\plane_war\plane_war\debug\math.obj
c:\users\erwin\documents\github\plane_war\plane_war\debug\list.obj
c:\users\erwin\documents\github\plane_war\plane_war\debug\level.obj
c:\users\erwin\documents\github\plane_war\plane_war\debug\global.obj
c:\users\erwin\documents\github\plane_war\plane_war\debug\bullet_new.obj
c:\users\erwin\documents\github\plane_war\plane_war\debug\boss.obj
c:\users\erwin\documents\github\plane_war\plane_war\debug\animate.obj
c:\users\erwin\documents\github\plane_war\plane_war\debug\collide.obj
c:\users\erwin\documents\github\plane_war\plane_war\debug\player.obj
c:\users\erwin\documents\github\plane_war\plane_war\debug\plane_war.obj
c:\users\erwin\documents\github\plane_war\plane_war\debug\sprite_new.obj
c:\users\erwin\source\repos\plane_war\debug\plane_war.exe
c:\users\erwin\source\repos\plane_war\debug\plane_war.ilk
c:\users\erwin\source\repos\plane_war\debug\plane_war.pdb
c:\users\erwin\documents\github\plane_war\debug\plane_war.ilk
c:\users\erwin\documents\github\plane_war\debug\plane_war.exe
c:\users\erwin\documents\github\plane_war\debug\plane_war.pdb
c:\users\erwin\source\repos\plane_war\plane_war\debug\plane_war.res
c:\users\erwin\documents\github\plane_war\plane_war\debug\plane_war.res
c:\users\erwin\documents\github\plane_war\plane_war\debug\fsm.obj
c:\users\erwin\documents\github\plane_war\plane_war\debug\plane_war.tlog\cl.command.1.tlog
c:\users\erwin\documents\github\plane_war\plane_war\debug\plane_war.tlog\cl.read.1.tlog
c:\users\erwin\documents\github\plane_war\plane_war\debug\plane_war.tlog\cl.write.1.tlog
c:\users\erwin\documents\github\plane_war\plane_war\debug\plane_war.tlog\link.command.1.tlog
c:\users\erwin\documents\github\plane_war\plane_war\debug\plane_war.tlog\link.read.1.tlog
c:\users\erwin\documents\github\plane_war\plane_war\debug\plane_war.tlog\link.write.1.tlog
c:\users\erwin\documents\github\plane_war\plane_war\debug\plane_war.tlog\rc.command.1.tlog
c:\users\erwin\documents\github\plane_war\plane_war\debug\plane_war.tlog\rc.read.1.tlog
c:\users\erwin\documents\github\plane_war\plane_war\debug\plane_war.tlog\rc.write.1.tlog
